{
  "stats": {
    "suites": 1,
    "tests": 1,
    "passes": 1,
    "pending": 0,
    "failures": 0,
    "start": "2022-06-17T08:22:08.080Z",
    "end": "2022-06-17T08:22:29.053Z",
    "duration": 20973,
    "testsRegistered": 1,
    "passPercent": 100,
    "pendingPercent": 0,
    "other": 0,
    "hasOther": false,
    "skipped": 0,
    "hasSkipped": false
  },
  "results": [
    {
      "uuid": "8dc49699-79c1-4f09-97e5-def786ed968e",
      "title": "",
      "fullFile": "cypress/e2e/testing.cy.js",
      "file": "cypress/e2e/testing.cy.js",
      "beforeHooks": [],
      "afterHooks": [],
      "tests": [],
      "suites": [
        {
          "uuid": "e95b4a3e-fd49-4095-9a06-f0a96d3965d8",
          "title": "testing.cy.js",
          "fullFile": "",
          "file": "",
          "beforeHooks": [],
          "afterHooks": [],
          "tests": [
            {
              "title": "should visit",
              "fullTitle": "testing.cy.js should visit",
              "timedOut": null,
              "duration": 14993,
              "state": "passed",
              "speed": "slow",
              "pass": true,
              "fail": false,
              "pending": false,
              "context": null,
              "code": "cy.visit(Cypress.env('url') + '/AutomationPractice'); //cy.get('#opentab').invoke('removeAttr','target').click()\n//ncy.go('back')\ncy.get('table[name=\"courses\"] tr td:nth-child(2)').as('tableLocator');\ncy.get('@tableLocator').each(($el, index, $list) => {\n  const course = $el.text();\n  if (course.includes('Python')) {\n    cy.get('@tableLocator').eq(index).next().then(price => {\n      const priceText = price.text();\n      expect(priceText).to.equal('25');\n    });\n  }\n});\ncy.get('div.mouse-hover-content').invoke('show').contains('Top').click();\ncy.url().should('include', 'top');",
              "err": {},
              "uuid": "de36ec5e-ad7e-4223-bc6f-71f2434717c8",
              "parentUUID": "e95b4a3e-fd49-4095-9a06-f0a96d3965d8",
              "isHook": false,
              "skipped": false
            }
          ],
          "suites": [],
          "passes": [
            "de36ec5e-ad7e-4223-bc6f-71f2434717c8"
          ],
          "failures": [],
          "pending": [],
          "skipped": [],
          "duration": 14993,
          "root": false,
          "rootEmpty": false,
          "_timeout": 2000
        }
      ],
      "passes": [],
      "failures": [],
      "pending": [],
      "skipped": [],
      "duration": 0,
      "root": true,
      "rootEmpty": true,
      "_timeout": 2000
    }
  ],
  "meta": {
    "mocha": {
      "version": "7.0.1"
    },
    "mochawesome": {
      "options": {
        "quiet": false,
        "reportFilename": "mochawesome",
        "saveHtml": true,
        "saveJson": true,
        "consoleReporter": "spec",
        "useInlineDiffs": false,
        "code": true
      },
      "version": "7.1.3"
    },
    "marge": {
      "options": null,
      "version": "6.2.0"
    }
  }
}